<?xml version="1.0" encoding="UTF-8"?>
<!-- Generated by org.testng.reporters.JUnitReportReporter -->
<testsuite skipped="0" hostname="LAPTOP-20464U94" name="com.demoappium.Chromebrowserapp" tests="1" failures="0" timestamp="08 Mar 2019 19:28:14 GMT" time="21.883" errors="0">
  <testcase name="testcase" time="21.883" classname="com.demoappium.Chromebrowserapp"/>
</testsuite> <!-- com.demoappium.Chromebrowserapp -->
