<?xml version="1.0" encoding="UTF-8"?>
<!-- Generated by org.testng.reporters.JUnitReportReporter -->
<testsuite skipped="0" hostname="LAPTOP-20464U94" name="com.demoappium.How_0_example1" tests="1" failures="0" timestamp="08 Mar 2019 19:29:06 GMT" time="15.130" errors="0">
  <testcase name="setUp" time="15.130" classname="com.demoappium.How_0_example1"/>
</testsuite> <!-- com.demoappium.How_0_example1 -->
