<?xml version="1.0" encoding="UTF-8"?>
<!-- Generated by org.testng.reporters.JUnitReportReporter -->
<testsuite skipped="0" hostname="LAPTOP-20464U94" name="com.demoappium.How_3_InvokeApp_TestNG" tests="1" failures="0" timestamp="08 Mar 2020 21:30:27 GMT" time="38.101" errors="0">
  <testcase name="testcase1" time="38.101" classname="com.demoappium.How_3_InvokeApp_TestNG"/>
</testsuite> <!-- com.demoappium.How_3_InvokeApp_TestNG -->
